c:\users\miłosz\source\repos\3dcubes\3dcubes\x64\debug\vc142.pdb
c:\users\miłosz\source\repos\3dcubes\3dcubes\x64\debug\vc142.idb
c:\users\miłosz\source\repos\3dcubes\3dcubes\x64\debug\texture.obj
c:\users\miłosz\source\repos\3dcubes\3dcubes\x64\debug\shader.obj
c:\users\miłosz\source\repos\3dcubes\3dcubes\x64\debug\spriterenderer.obj
c:\users\miłosz\source\repos\3dcubes\3dcubes\x64\debug\main.obj
c:\users\miłosz\source\repos\3dcubes\3dcubes\x64\debug\transformcomponent.obj
c:\users\miłosz\source\repos\3dcubes\3dcubes\x64\debug\rendercomponent.obj
c:\users\miłosz\source\repos\3dcubes\3dcubes\x64\debug\entity.obj
c:\users\miłosz\source\repos\3dcubes\3dcubes\x64\debug\component.obj
c:\users\miłosz\source\repos\3dcubes\3dcubes\x64\debug\clock.obj
c:\users\miłosz\source\repos\3dcubes\3dcubes\x64\debug\app.obj
c:\users\miłosz\source\repos\3dcubes\3dcubes\x64\debug\keyinput.obj
c:\users\miłosz\source\repos\3dcubes\3dcubes\x64\debug\camera.obj
c:\users\miłosz\source\repos\3dcubes\3dcubes\x64\debug\chunk.obj
c:\users\miłosz\source\repos\3dcubes\3dcubes\x64\debug\blockdatabase.obj
c:\users\miłosz\source\repos\3dcubes\3dcubes\x64\debug\world.obj
c:\users\miłosz\source\repos\3dcubes\3dcubes\x64\debug\chunkmanager.obj
c:\users\miłosz\source\repos\3dcubes\3dcubes\x64\debug\chunkmeshgenerator.obj
c:\users\miłosz\source\repos\3dcubes\3dcubes\x64\debug\terraingenerator.obj
c:\users\miłosz\source\repos\3dcubes\3dcubes\x64\debug\player.obj
c:\users\miłosz\source\repos\3dcubes\3dcubes\x64\debug\uirenderer.obj
c:\users\miłosz\source\repos\3dcubes\3dcubes\x64\debug\ui.obj
c:\users\miłosz\source\repos\3dcubes\3dcubes\x64\debug\sky.obj
c:\users\miłosz\source\repos\3dcubes\3dcubes\x64\debug\renderer.obj
c:\users\miłosz\source\repos\3dcubes\3dcubes\x64\debug\chunkrenderer.obj
c:\users\miłosz\source\repos\3dcubes\3dcubes\x64\debug\skyrenderer.obj
c:\users\miłosz\source\repos\3dcubes\3dcubes\x64\debug\rendermaster.obj
c:\users\miłosz\source\repos\3dcubes\3dcubes\x64\debug\inventory.obj
c:\users\miłosz\source\repos\3dcubes\x64\debug\3dcubes.exe
c:\users\miłosz\source\repos\3dcubes\3dcubes\x64\debug\3dcubes.ilk
c:\users\miłosz\source\repos\3dcubes\x64\debug\3dcubes.pdb
c:\users\miłosz\source\repos\3dcubes\3dcubes\x64\debug\3dcubes.tlog\cl.command.1.tlog
c:\users\miłosz\source\repos\3dcubes\3dcubes\x64\debug\3dcubes.tlog\cl.read.1.tlog
c:\users\miłosz\source\repos\3dcubes\3dcubes\x64\debug\3dcubes.tlog\cl.write.1.tlog
c:\users\miłosz\source\repos\3dcubes\3dcubes\x64\debug\3dcubes.tlog\link.command.1.tlog
c:\users\miłosz\source\repos\3dcubes\3dcubes\x64\debug\3dcubes.tlog\link.read.1.tlog
c:\users\miłosz\source\repos\3dcubes\3dcubes\x64\debug\3dcubes.tlog\link.write.1.tlog
